#
# A fatal error has been detected by the Java Runtime Environment:
#
#  Internal Error (javaClasses.cpp:127), pid=11844, tid=4116
#  fatal error: Invalid layout of preloaded class
#
# JRE version:  (8.0_51-b16) (build )
# Java VM: Java HotSpot(TM) 64-Bit Server VM (25.51-b03 mixed mode windows-amd64 compressed oops)
# Failed to write core dump. Minidumps are not enabled by default on client versions of Windows
#
# If you would like to submit a bug report, please visit:
#   http://bugreport.java.com/bugreport/crash.jsp
#

---------------  T H R E A D  ---------------

Current thread (0x00000000027e0800):  JavaThread "Unknown thread" [_thread_in_vm, id=4116, stack(0x00000000026e0000,0x00000000027e0000)]

Stack: [0x00000000026e0000,0x00000000027e0000]
Native frames: (J=compiled Java code, j=interpreted, Vv=VM code, C=native code)
V  [jvm.dll+0x32b4ca]
V  [jvm.dll+0x2797e3]
V  [jvm.dll+0x27a479]
V  [jvm.dll+0x2716e6]
V  [jvm.dll+0x67fc3]
V  [jvm.dll+0x680b3]
V  [jvm.dll+0x7d6da]
V  [jvm.dll+0x7da46]
V  [jvm.dll+0xf2087]
V  [jvm.dll+0xf2416]
V  [jvm.dll+0x20f077]
V  [jvm.dll+0x240d2a]
V  [jvm.dll+0x15b9a1]
C  [javaw.exe+0x217e]
C  [javaw.exe+0xcd37]
C  [javaw.exe+0xcdcb]
C  [KERNEL32.DLL+0x1611]
C  [ntdll.dll+0x764ad]


---------------  P R O C E S S  ---------------

Java Threads: ( => current thread )

Other Threads:

=>0x00000000027e0800 (exited) JavaThread "Unknown thread" [_thread_in_vm, id=4116, stack(0x00000000026e0000,0x00000000027e0000)]

VM state:not at safepoint (not fully initialized)

VM Mutex/Monitor currently owned by a thread: None

GC Heap History (0 events):
No events

Deoptimization events (0 events):
No events

Internal exceptions (0 events):
No events

Events (10 events):
Event: 0.019 loading class java/lang/CharSequence done
Event: 0.019 loading class java/lang/String done
Event: 0.019 loading class java/lang/Class
Event: 0.019 loading class java/lang/reflect/AnnotatedElement
Event: 0.019 loading class java/lang/reflect/AnnotatedElement done
Event: 0.019 loading class java/lang/reflect/GenericDeclaration
Event: 0.019 loading class java/lang/reflect/GenericDeclaration done
Event: 0.020 loading class java/lang/reflect/Type
Event: 0.020 loading class java/lang/reflect/Type done
Event: 0.020 loading class java/lang/Class done


Dynamic libraries:
0x00007ff645180000 - 0x00007ff6451b7000 	C:\Program Files\Java\jre1.8.0_51\bin\javaw.exe
0x00007ffcdae70000 - 0x00007ffcdb019000 	C:\WINDOWS\SYSTEM32\ntdll.dll
0x00007ffcda6d0000 - 0x00007ffcda80a000 	C:\WINDOWS\system32\KERNEL32.DLL
0x00007ffcd84a0000 - 0x00007ffcd85af000 	C:\WINDOWS\system32\KERNELBASE.dll
0x00007ffcda9e0000 - 0x00007ffcdaa85000 	C:\WINDOWS\system32\ADVAPI32.dll
0x00007ffcda200000 - 0x00007ffcda371000 	C:\WINDOWS\system32\USER32.dll
0x00007ffcd5890000 - 0x00007ffcd5aea000 	C:\WINDOWS\WinSxS\amd64_microsoft.windows.common-controls_6595b64144ccf1df_6.0.9600.16384_none_62475f7becb72503\COMCTL32.dll
0x00007ffcd87c0000 - 0x00007ffcd8867000 	C:\WINDOWS\system32\msvcrt.dll
0x00007ffcdabe0000 - 0x00007ffcdac37000 	C:\WINDOWS\SYSTEM32\sechost.dll
0x00007ffcda020000 - 0x00007ffcda156000 	C:\WINDOWS\system32\RPCRT4.dll
0x00007ffcdaa90000 - 0x00007ffcdabd5000 	C:\WINDOWS\system32\GDI32.dll
0x00007ffcda1c0000 - 0x00007ffcda1f4000 	C:\WINDOWS\system32\IMM32.DLL
0x00007ffcda840000 - 0x00007ffcda979000 	C:\WINDOWS\system32\MSCTF.dll
0x00007ffcd81a0000 - 0x00007ffcd81d2000 	C:\WINDOWS\system32\nvinitx.dll
0x00007ffcd8190000 - 0x00007ffcd819a000 	C:\WINDOWS\SYSTEM32\VERSION.dll
0x000000000f000000 - 0x000000000f006000 	C:\Program Files\NVIDIA Corporation\CoProcManager\_etoured.dll
0x00007ffcd63e0000 - 0x00007ffcd6412000 	C:\Program Files\NVIDIA Corporation\CoProcManager\nvd3d9wrapx.dll
0x00007ffcda380000 - 0x00007ffcda556000 	C:\WINDOWS\system32\SETUPAPI.dll
0x00007ffcd86b0000 - 0x00007ffcd86fa000 	C:\WINDOWS\system32\CFGMGR32.dll
0x00007ffcd63b0000 - 0x00007ffcd63d2000 	C:\Program Files\NVIDIA Corporation\CoProcManager\nvdxgiwrapx.dll
0x000000006f740000 - 0x000000006f812000 	C:\Program Files\Java\jre1.8.0_51\bin\msvcr100.dll
0x000000006fbf0000 - 0x0000000070473000 	C:\Program Files\Java\jre1.8.0_51\bin\server\jvm.dll
0x00007ffcd5e90000 - 0x00007ffcd5e99000 	C:\WINDOWS\SYSTEM32\WSOCK32.dll
0x00007ffcd6ff0000 - 0x00007ffcd700f000 	C:\WINDOWS\SYSTEM32\WINMM.dll
0x00007ffcd8a10000 - 0x00007ffcd8a17000 	C:\WINDOWS\system32\PSAPI.DLL
0x00007ffcda980000 - 0x00007ffcda9d8000 	C:\WINDOWS\system32\WS2_32.dll
0x00007ffcd5d00000 - 0x00007ffcd5d2a000 	C:\WINDOWS\SYSTEM32\WINMMBASE.dll
0x00007ffcd8a20000 - 0x00007ffcd8a29000 	C:\WINDOWS\system32\NSI.dll
0x00007ffcd6aa0000 - 0x00007ffcd6ac6000 	C:\WINDOWS\SYSTEM32\DEVOBJ.dll
0x0000000070ba0000 - 0x0000000070baf000 	C:\Program Files\Java\jre1.8.0_51\bin\verify.dll
0x0000000070b70000 - 0x0000000070b99000 	C:\Program Files\Java\jre1.8.0_51\bin\java.dll
0x0000000070b50000 - 0x0000000070b66000 	C:\Program Files\Java\jre1.8.0_51\bin\zip.dll
0x00007ffccfcf0000 - 0x00007ffccfe78000 	C:\WINDOWS\SYSTEM32\dbghelp.dll

VM Arguments:
jvm_args: -Dfile.encoding=GBK -Xbootclasspath:D:\adtbundle\sdk\platforms\android-19\android.jar 
java_command: com.newapps.opcode.Core
java_class_path (initial): F:\New_apps_workspace\NewAppsOperation\bin\classes;F:\New_apps_workspace\NewAppsOperation\libs\android-support-v4.jar
Launcher Type: SUN_STANDARD

Environment Variables:
PATH=C:/Program Files/Java/jre1.8.0_51/bin/server;C:/Program Files/Java/jre1.8.0_51/bin;C:/Program Files/Java/jre1.8.0_51/lib/amd64;D:\adtbundle\sdk\tools;D:\adtbundle\sdk\platform-tools;C:\Program Files\Java\jdk1.8.0_51;C:\ProgramData\Oracle\Java\javapath;C:\Program Files (x86)\NVIDIA Corporation\PhysX\Common;C:\WINDOWS\system32;C:\WINDOWS;C:\WINDOWS\System32\Wbem;C:\WINDOWS\System32\WindowsPowerShell\v1.0\;C:\Program Files\Microsoft SQL Server\120\Tools\Bin\;C:\Program Files (x86)\MySQL\MySQL Utilities 1.3.6\;C:\AppServ\Apache2.2\bin;C:\AppServ\php5;C:\AppServ\MySQL\bin;D:\adtbundle\eclipse;
USERNAME=qifeng
OS=Windows_NT
PROCESSOR_IDENTIFIER=Intel64 Family 6 Model 58 Stepping 9, GenuineIntel



---------------  S Y S T E M  ---------------

OS: Windows 8.1 , 64 bit Build 9600 (6.3.9600.16384)

CPU:total 4 (2 cores per cpu, 2 threads per core) family 6 model 58 stepping 9, cmov, cx8, fxsr, mmx, sse, sse2, sse3, ssse3, sse4.1, sse4.2, popcnt, avx, aes, clmul, erms, ht, tsc, tscinvbit, tscinv

Memory: 4k page, physical 6174448k(2782096k free), swap 7430772k(3298068k free)

vm_info: Java HotSpot(TM) 64-Bit Server VM (25.51-b03) for windows-amd64 JRE (1.8.0_51-b16), built on Jun  8 2015 18:03:07 by "java_re" with MS VC++ 10.0 (VS2010)

time: Sat Nov 21 00:31:36 2015
elapsed time: 0 seconds (0d 0h 0m 0s)

